  [1m[35m (0.1ms)[0m  [1m[35mDROP DATABASE IF EXISTS "TaskList_development"[0m
  ↳ bin/rails:9
  [1m[35m (0.1ms)[0m  [1m[35mDROP DATABASE IF EXISTS "TaskList_test"[0m
  ↳ bin/rails:9
  [1m[35m (429.2ms)[0m  [1m[35mCREATE DATABASE "TaskList_development" ENCODING = 'unicode'[0m
  ↳ bin/rails:9
  [1m[35m (413.0ms)[0m  [1m[35mCREATE DATABASE "TaskList_test" ENCODING = 'unicode'[0m
  ↳ bin/rails:9
Started GET "/tasks" for 127.0.0.1 at 2018-09-17 14:22:59 -0700

SyntaxError - syntax error, unexpected tIDENTIFIER, expecting keyword_end
  get '/tasks' to: 'task#Index'
               ^~:
  config/routes.rb:2:in `'

Started POST "/__better_errors/2568ad0508c7968a/variables" for 127.0.0.1 at 2018-09-17 14:22:59 -0700
Started GET "/tasks" for 127.0.0.1 at 2018-09-17 14:23:43 -0700
Processing by TaskController#Index as HTML
  Rendering task/Index.html.erb within layouts/application
  Rendered task/Index.html.erb within layouts/application (0.9ms)
Completed 200 OK in 184ms (Views: 176.1ms | ActiveRecord: 0.0ms)


Started GET "/tasks" for 127.0.0.1 at 2018-09-17 14:24:12 -0700
Processing by TaskController#Index as HTML
  Rendering task/Index.html.erb within layouts/application
  Rendered task/Index.html.erb within layouts/application (0.3ms)
Completed 200 OK in 18ms (Views: 16.1ms | ActiveRecord: 0.0ms)


Started GET "/tasks" for 127.0.0.1 at 2018-09-17 14:24:28 -0700
Processing by TaskController#Index as HTML
  Rendering task/Index.html.erb within layouts/application
  Rendered task/Index.html.erb within layouts/application (0.3ms)
Completed 200 OK in 19ms (Views: 16.6ms | ActiveRecord: 0.0ms)


Started GET "/tasks" for 127.0.0.1 at 2018-09-17 14:31:07 -0700
Processing by TaskController#Index as HTML
  Rendering task/Index.html.erb within layouts/application
  Rendered task/Index.html.erb within layouts/application (0.4ms)
Completed 200 OK in 18ms (Views: 16.5ms | ActiveRecord: 0.0ms)


Started GET "/tasks" for 127.0.0.1 at 2018-09-17 14:32:32 -0700
Processing by TaskController#Index as HTML
  Rendering task/Index.html.erb within layouts/application
  Rendered task/Index.html.erb within layouts/application (0.5ms)
Completed 200 OK in 23ms (Views: 21.2ms | ActiveRecord: 0.0ms)


Started GET "/tasks" for 127.0.0.1 at 2018-09-17 14:35:34 -0700
Processing by TaskController#Index as HTML
  Rendering task/Index.html.erb within layouts/application
  Rendered task/Index.html.erb within layouts/application (0.4ms)
Completed 200 OK in 26ms (Views: 23.9ms | ActiveRecord: 0.0ms)


Started GET "/tasks" for 127.0.0.1 at 2018-09-17 14:38:09 -0700
Processing by TaskController#Index as HTML
  Rendering task/Index.html.erb within layouts/application
  Rendered task/Index.html.erb within layouts/application (0.4ms)
Completed 200 OK in 32ms (Views: 29.9ms | ActiveRecord: 0.0ms)


Started GET "/tasks" for 127.0.0.1 at 2018-09-17 14:38:22 -0700
Processing by TaskController#Index as HTML
  Rendering task/Index.html.erb within layouts/application
  Rendered task/Index.html.erb within layouts/application (0.5ms)
Completed 200 OK in 27ms (Views: 25.1ms | ActiveRecord: 0.0ms)


Started GET "/tasks" for 127.0.0.1 at 2018-09-17 14:39:06 -0700
Processing by TaskController#Index as HTML
  Rendering task/Index.html.erb within layouts/application
  Rendered task/Index.html.erb within layouts/application (0.3ms)
Completed 200 OK in 32ms (Views: 29.4ms | ActiveRecord: 0.0ms)


Started GET "/tasks" for 127.0.0.1 at 2018-09-17 14:39:33 -0700
Processing by TaskController#Index as HTML
  Rendering task/Index.html.erb within layouts/application
  Rendered task/Index.html.erb within layouts/application (0.4ms)
Completed 200 OK in 18ms (Views: 16.3ms | ActiveRecord: 0.0ms)


Started GET "/tasks" for 127.0.0.1 at 2018-09-17 14:39:55 -0700
Processing by TaskController#Index as HTML
  Rendering task/Index.html.erb within layouts/application
  Rendered task/Index.html.erb within layouts/application (0.4ms)
Completed 200 OK in 23ms (Views: 21.3ms | ActiveRecord: 0.0ms)


Started GET "/tasks" for 127.0.0.1 at 2018-09-17 14:40:12 -0700
Processing by TaskController#Index as HTML
  Rendering task/Index.html.erb within layouts/application
  Rendered task/Index.html.erb within layouts/application (0.4ms)
Completed 200 OK in 22ms (Views: 19.9ms | ActiveRecord: 0.0ms)


Started GET "/tasks" for 127.0.0.1 at 2018-09-17 14:40:30 -0700
Processing by TaskController#Index as HTML
  Rendering task/Index.html.erb within layouts/application
  Rendered task/Index.html.erb within layouts/application (0.4ms)
Completed 200 OK in 27ms (Views: 25.2ms | ActiveRecord: 0.0ms)


Started GET "/tasks" for 127.0.0.1 at 2018-09-17 14:40:53 -0700
Processing by TaskController#Index as HTML
  Rendering task/Index.html.erb within layouts/application
  Rendered task/Index.html.erb within layouts/application (0.4ms)
Completed 200 OK in 27ms (Views: 25.4ms | ActiveRecord: 0.0ms)


Started GET "/tasks" for 127.0.0.1 at 2018-09-17 14:40:58 -0700
Processing by TaskController#Index as HTML
  Rendering task/Index.html.erb within layouts/application
  Rendered task/Index.html.erb within layouts/application (0.4ms)
Completed 200 OK in 22ms (Views: 20.3ms | ActiveRecord: 0.0ms)


Started GET "/tasks" for 127.0.0.1 at 2018-09-17 14:41:09 -0700
Processing by TaskController#Index as HTML
  Rendering task/Index.html.erb within layouts/application
  Rendered task/Index.html.erb within layouts/application (0.4ms)
Completed 200 OK in 22ms (Views: 20.0ms | ActiveRecord: 0.0ms)


Started GET "/tasks" for 127.0.0.1 at 2018-09-17 14:41:42 -0700
Processing by TaskController#Index as HTML
  Rendering task/Index.html.erb within layouts/application
  Rendered task/Index.html.erb within layouts/application (0.4ms)
Completed 200 OK in 23ms (Views: 20.9ms | ActiveRecord: 0.0ms)


Started GET "/tasks" for 127.0.0.1 at 2018-09-17 14:42:05 -0700
Processing by TaskController#Index as HTML
  Rendering task/Index.html.erb within layouts/application
  Rendered task/Index.html.erb within layouts/application (0.4ms)
Completed 200 OK in 23ms (Views: 20.6ms | ActiveRecord: 0.0ms)


Started GET "/tasks" for 127.0.0.1 at 2018-09-17 14:42:06 -0700
Processing by TaskController#Index as HTML
  Rendering task/Index.html.erb within layouts/application
  Rendered task/Index.html.erb within layouts/application (0.4ms)
Completed 200 OK in 19ms (Views: 16.7ms | ActiveRecord: 0.0ms)


Started GET "/tasks" for 127.0.0.1 at 2018-09-17 14:42:26 -0700
Processing by TaskController#Index as HTML
  Rendering task/Index.html.erb within layouts/application
  Rendered task/Index.html.erb within layouts/application (0.4ms)
Completed 200 OK in 22ms (Views: 20.0ms | ActiveRecord: 0.0ms)


Started GET "/tasks" for 127.0.0.1 at 2018-09-17 14:42:27 -0700
Processing by TaskController#Index as HTML
  Rendering task/Index.html.erb within layouts/application
  Rendered task/Index.html.erb within layouts/application (0.4ms)
Completed 200 OK in 18ms (Views: 15.7ms | ActiveRecord: 0.0ms)


Started GET "/tasks" for 127.0.0.1 at 2018-09-17 14:43:19 -0700
Processing by TaskController#Index as HTML
  Rendering task/Index.html.erb within layouts/application
  Rendered task/Index.html.erb within layouts/application (0.3ms)
Completed 200 OK in 20ms (Views: 18.2ms | ActiveRecord: 0.0ms)


Started GET "/tasks" for 127.0.0.1 at 2018-09-17 14:45:22 -0700
Processing by TaskController#Index as HTML
  Rendering task/Index.html.erb within layouts/application
  Rendered task/Index.html.erb within layouts/application (0.4ms)
Completed 200 OK in 25ms (Views: 22.9ms | ActiveRecord: 0.0ms)


Started GET "/tasks" for 127.0.0.1 at 2018-09-17 14:45:30 -0700
Processing by TaskController#Index as HTML
  Rendering task/Index.html.erb within layouts/application
  Rendered task/Index.html.erb within layouts/application (0.4ms)
Completed 200 OK in 19ms (Views: 16.6ms | ActiveRecord: 0.0ms)


Started GET "/tasks" for 127.0.0.1 at 2018-09-17 14:46:09 -0700
Processing by TaskController#Index as HTML
  Rendering task/Index.html.erb within layouts/application
  Rendered task/Index.html.erb within layouts/application (0.4ms)
Completed 200 OK in 27ms (Views: 25.2ms | ActiveRecord: 0.0ms)


Started GET "/tasks" for 127.0.0.1 at 2018-09-17 14:46:47 -0700
Processing by TaskController#Index as HTML
  Rendering task/Index.html.erb within layouts/application
  Rendered task/Index.html.erb within layouts/application (0.4ms)
Completed 200 OK in 18ms (Views: 16.4ms | ActiveRecord: 0.0ms)


Started GET "/tasks" for 127.0.0.1 at 2018-09-17 14:47:16 -0700
Processing by TaskController#Index as HTML
  Rendering task/Index.html.erb within layouts/application
  Rendered task/Index.html.erb within layouts/application (0.3ms)
Completed 200 OK in 19ms (Views: 17.3ms | ActiveRecord: 0.0ms)


Started GET "/tasks" for 127.0.0.1 at 2018-09-17 14:50:10 -0700
Processing by TaskController#Index as HTML
  Rendering task/Index.html.erb within layouts/application
  Rendered task/Index.html.erb within layouts/application (0.4ms)
Completed 200 OK in 21ms (Views: 19.5ms | ActiveRecord: 0.0ms)


Started GET "/tasks" for 127.0.0.1 at 2018-09-17 14:50:28 -0700
Processing by TaskController#Index as HTML
  Rendering task/Index.html.erb within layouts/application
  Rendered task/Index.html.erb within layouts/application (0.4ms)
Completed 200 OK in 23ms (Views: 21.1ms | ActiveRecord: 0.0ms)


Started GET "/tasks" for 127.0.0.1 at 2018-09-17 14:50:38 -0700
Processing by TaskController#Index as HTML
  Rendering task/Index.html.erb within layouts/application
  Rendered task/Index.html.erb within layouts/application (0.4ms)
Completed 200 OK in 27ms (Views: 24.9ms | ActiveRecord: 0.0ms)


Started GET "/tasks" for 127.0.0.1 at 2018-09-17 14:50:53 -0700
Processing by TaskController#Index as HTML
  Rendering task/Index.html.erb within layouts/application
  Rendered task/Index.html.erb within layouts/application (0.3ms)
Completed 200 OK in 22ms (Views: 20.2ms | ActiveRecord: 0.0ms)


Started GET "/tasks" for 127.0.0.1 at 2018-09-17 14:51:02 -0700
Processing by TaskController#Index as HTML
  Rendering task/Index.html.erb within layouts/application
  Rendered task/Index.html.erb within layouts/application (0.4ms)
Completed 200 OK in 19ms (Views: 16.6ms | ActiveRecord: 0.0ms)


Started GET "/tasks" for 127.0.0.1 at 2018-09-17 14:51:22 -0700
Processing by TaskController#Index as HTML
  Rendering task/Index.html.erb within layouts/application
  Rendered task/Index.html.erb within layouts/application (0.4ms)
Completed 200 OK in 18ms (Views: 16.2ms | ActiveRecord: 0.0ms)


Started GET "/books" for 127.0.0.1 at 2018-09-17 14:57:14 -0700
  
ActionController::RoutingError (No route matches [GET] "/books"):
  
actionpack (5.2.1) lib/action_dispatch/middleware/debug_exceptions.rb:65:in `call'
web-console (3.7.0) lib/web_console/middleware.rb:135:in `call_app'
web-console (3.7.0) lib/web_console/middleware.rb:30:in `block in call'
web-console (3.7.0) lib/web_console/middleware.rb:20:in `catch'
web-console (3.7.0) lib/web_console/middleware.rb:20:in `call'
actionpack (5.2.1) lib/action_dispatch/middleware/show_exceptions.rb:33:in `call'
railties (5.2.1) lib/rails/rack/logger.rb:38:in `call_app'
railties (5.2.1) lib/rails/rack/logger.rb:26:in `block in call'
activesupport (5.2.1) lib/active_support/tagged_logging.rb:71:in `block in tagged'
activesupport (5.2.1) lib/active_support/tagged_logging.rb:28:in `tagged'
activesupport (5.2.1) lib/active_support/tagged_logging.rb:71:in `tagged'
railties (5.2.1) lib/rails/rack/logger.rb:26:in `call'
sprockets-rails (3.2.1) lib/sprockets/rails/quiet_assets.rb:13:in `call'
actionpack (5.2.1) lib/action_dispatch/middleware/remote_ip.rb:81:in `call'
actionpack (5.2.1) lib/action_dispatch/middleware/request_id.rb:27:in `call'
rack (2.0.5) lib/rack/method_override.rb:22:in `call'
rack (2.0.5) lib/rack/runtime.rb:22:in `call'
activesupport (5.2.1) lib/active_support/cache/strategy/local_cache_middleware.rb:29:in `call'
actionpack (5.2.1) lib/action_dispatch/middleware/executor.rb:14:in `call'
actionpack (5.2.1) lib/action_dispatch/middleware/static.rb:127:in `call'
rack (2.0.5) lib/rack/sendfile.rb:111:in `call'
railties (5.2.1) lib/rails/engine.rb:524:in `call'
puma (3.12.0) lib/puma/configuration.rb:225:in `call'
puma (3.12.0) lib/puma/server.rb:658:in `handle_request'
puma (3.12.0) lib/puma/server.rb:472:in `process_client'
puma (3.12.0) lib/puma/server.rb:332:in `block in run'
puma (3.12.0) lib/puma/thread_pool.rb:133:in `block in spawn_thread'
Started GET "/books" for 127.0.0.1 at 2018-09-17 15:00:08 -0700
  
ActionController::RoutingError (No route matches [GET] "/books"):
  
actionpack (5.2.1) lib/action_dispatch/middleware/debug_exceptions.rb:65:in `call'
web-console (3.7.0) lib/web_console/middleware.rb:135:in `call_app'
web-console (3.7.0) lib/web_console/middleware.rb:30:in `block in call'
web-console (3.7.0) lib/web_console/middleware.rb:20:in `catch'
web-console (3.7.0) lib/web_console/middleware.rb:20:in `call'
actionpack (5.2.1) lib/action_dispatch/middleware/show_exceptions.rb:33:in `call'
railties (5.2.1) lib/rails/rack/logger.rb:38:in `call_app'
railties (5.2.1) lib/rails/rack/logger.rb:26:in `block in call'
activesupport (5.2.1) lib/active_support/tagged_logging.rb:71:in `block in tagged'
activesupport (5.2.1) lib/active_support/tagged_logging.rb:28:in `tagged'
activesupport (5.2.1) lib/active_support/tagged_logging.rb:71:in `tagged'
railties (5.2.1) lib/rails/rack/logger.rb:26:in `call'
sprockets-rails (3.2.1) lib/sprockets/rails/quiet_assets.rb:13:in `call'
actionpack (5.2.1) lib/action_dispatch/middleware/remote_ip.rb:81:in `call'
actionpack (5.2.1) lib/action_dispatch/middleware/request_id.rb:27:in `call'
rack (2.0.5) lib/rack/method_override.rb:22:in `call'
rack (2.0.5) lib/rack/runtime.rb:22:in `call'
activesupport (5.2.1) lib/active_support/cache/strategy/local_cache_middleware.rb:29:in `call'
actionpack (5.2.1) lib/action_dispatch/middleware/executor.rb:14:in `call'
actionpack (5.2.1) lib/action_dispatch/middleware/static.rb:127:in `call'
rack (2.0.5) lib/rack/sendfile.rb:111:in `call'
railties (5.2.1) lib/rails/engine.rb:524:in `call'
puma (3.12.0) lib/puma/configuration.rb:225:in `call'
puma (3.12.0) lib/puma/server.rb:658:in `handle_request'
puma (3.12.0) lib/puma/server.rb:472:in `process_client'
puma (3.12.0) lib/puma/server.rb:332:in `block in run'
puma (3.12.0) lib/puma/thread_pool.rb:133:in `block in spawn_thread'
Started GET "/books" for 127.0.0.1 at 2018-09-17 15:00:25 -0700
  
ActionController::RoutingError (No route matches [GET] "/books"):
  
actionpack (5.2.1) lib/action_dispatch/middleware/debug_exceptions.rb:65:in `call'
web-console (3.7.0) lib/web_console/middleware.rb:135:in `call_app'
web-console (3.7.0) lib/web_console/middleware.rb:30:in `block in call'
web-console (3.7.0) lib/web_console/middleware.rb:20:in `catch'
web-console (3.7.0) lib/web_console/middleware.rb:20:in `call'
actionpack (5.2.1) lib/action_dispatch/middleware/show_exceptions.rb:33:in `call'
railties (5.2.1) lib/rails/rack/logger.rb:38:in `call_app'
railties (5.2.1) lib/rails/rack/logger.rb:26:in `block in call'
activesupport (5.2.1) lib/active_support/tagged_logging.rb:71:in `block in tagged'
activesupport (5.2.1) lib/active_support/tagged_logging.rb:28:in `tagged'
activesupport (5.2.1) lib/active_support/tagged_logging.rb:71:in `tagged'
railties (5.2.1) lib/rails/rack/logger.rb:26:in `call'
sprockets-rails (3.2.1) lib/sprockets/rails/quiet_assets.rb:13:in `call'
actionpack (5.2.1) lib/action_dispatch/middleware/remote_ip.rb:81:in `call'
actionpack (5.2.1) lib/action_dispatch/middleware/request_id.rb:27:in `call'
rack (2.0.5) lib/rack/method_override.rb:22:in `call'
rack (2.0.5) lib/rack/runtime.rb:22:in `call'
activesupport (5.2.1) lib/active_support/cache/strategy/local_cache_middleware.rb:29:in `call'
actionpack (5.2.1) lib/action_dispatch/middleware/executor.rb:14:in `call'
actionpack (5.2.1) lib/action_dispatch/middleware/static.rb:127:in `call'
rack (2.0.5) lib/rack/sendfile.rb:111:in `call'
railties (5.2.1) lib/rails/engine.rb:524:in `call'
puma (3.12.0) lib/puma/configuration.rb:225:in `call'
puma (3.12.0) lib/puma/server.rb:658:in `handle_request'
puma (3.12.0) lib/puma/server.rb:472:in `process_client'
puma (3.12.0) lib/puma/server.rb:332:in `block in run'
puma (3.12.0) lib/puma/thread_pool.rb:133:in `block in spawn_thread'
Started GET "/books" for 127.0.0.1 at 2018-09-17 15:01:15 -0700
  
ActionController::RoutingError (No route matches [GET] "/books"):
  
actionpack (5.2.1) lib/action_dispatch/middleware/debug_exceptions.rb:65:in `call'
web-console (3.7.0) lib/web_console/middleware.rb:135:in `call_app'
web-console (3.7.0) lib/web_console/middleware.rb:30:in `block in call'
web-console (3.7.0) lib/web_console/middleware.rb:20:in `catch'
web-console (3.7.0) lib/web_console/middleware.rb:20:in `call'
actionpack (5.2.1) lib/action_dispatch/middleware/show_exceptions.rb:33:in `call'
railties (5.2.1) lib/rails/rack/logger.rb:38:in `call_app'
railties (5.2.1) lib/rails/rack/logger.rb:26:in `block in call'
activesupport (5.2.1) lib/active_support/tagged_logging.rb:71:in `block in tagged'
activesupport (5.2.1) lib/active_support/tagged_logging.rb:28:in `tagged'
activesupport (5.2.1) lib/active_support/tagged_logging.rb:71:in `tagged'
railties (5.2.1) lib/rails/rack/logger.rb:26:in `call'
sprockets-rails (3.2.1) lib/sprockets/rails/quiet_assets.rb:13:in `call'
actionpack (5.2.1) lib/action_dispatch/middleware/remote_ip.rb:81:in `call'
actionpack (5.2.1) lib/action_dispatch/middleware/request_id.rb:27:in `call'
rack (2.0.5) lib/rack/method_override.rb:22:in `call'
rack (2.0.5) lib/rack/runtime.rb:22:in `call'
activesupport (5.2.1) lib/active_support/cache/strategy/local_cache_middleware.rb:29:in `call'
actionpack (5.2.1) lib/action_dispatch/middleware/executor.rb:14:in `call'
actionpack (5.2.1) lib/action_dispatch/middleware/static.rb:127:in `call'
rack (2.0.5) lib/rack/sendfile.rb:111:in `call'
railties (5.2.1) lib/rails/engine.rb:524:in `call'
puma (3.12.0) lib/puma/configuration.rb:225:in `call'
puma (3.12.0) lib/puma/server.rb:658:in `handle_request'
puma (3.12.0) lib/puma/server.rb:472:in `process_client'
puma (3.12.0) lib/puma/server.rb:332:in `block in run'
puma (3.12.0) lib/puma/thread_pool.rb:133:in `block in spawn_thread'
Started GET "/books" for 127.0.0.1 at 2018-09-17 15:02:15 -0700
  
ActionController::RoutingError (No route matches [GET] "/books"):
  
actionpack (5.2.1) lib/action_dispatch/middleware/debug_exceptions.rb:65:in `call'
web-console (3.7.0) lib/web_console/middleware.rb:135:in `call_app'
web-console (3.7.0) lib/web_console/middleware.rb:30:in `block in call'
web-console (3.7.0) lib/web_console/middleware.rb:20:in `catch'
web-console (3.7.0) lib/web_console/middleware.rb:20:in `call'
actionpack (5.2.1) lib/action_dispatch/middleware/show_exceptions.rb:33:in `call'
railties (5.2.1) lib/rails/rack/logger.rb:38:in `call_app'
railties (5.2.1) lib/rails/rack/logger.rb:26:in `block in call'
activesupport (5.2.1) lib/active_support/tagged_logging.rb:71:in `block in tagged'
activesupport (5.2.1) lib/active_support/tagged_logging.rb:28:in `tagged'
activesupport (5.2.1) lib/active_support/tagged_logging.rb:71:in `tagged'
railties (5.2.1) lib/rails/rack/logger.rb:26:in `call'
sprockets-rails (3.2.1) lib/sprockets/rails/quiet_assets.rb:13:in `call'
actionpack (5.2.1) lib/action_dispatch/middleware/remote_ip.rb:81:in `call'
actionpack (5.2.1) lib/action_dispatch/middleware/request_id.rb:27:in `call'
rack (2.0.5) lib/rack/method_override.rb:22:in `call'
rack (2.0.5) lib/rack/runtime.rb:22:in `call'
activesupport (5.2.1) lib/active_support/cache/strategy/local_cache_middleware.rb:29:in `call'
actionpack (5.2.1) lib/action_dispatch/middleware/executor.rb:14:in `call'
actionpack (5.2.1) lib/action_dispatch/middleware/static.rb:127:in `call'
rack (2.0.5) lib/rack/sendfile.rb:111:in `call'
railties (5.2.1) lib/rails/engine.rb:524:in `call'
puma (3.12.0) lib/puma/configuration.rb:225:in `call'
puma (3.12.0) lib/puma/server.rb:658:in `handle_request'
puma (3.12.0) lib/puma/server.rb:472:in `process_client'
puma (3.12.0) lib/puma/server.rb:332:in `block in run'
puma (3.12.0) lib/puma/thread_pool.rb:133:in `block in spawn_thread'
Started GET "/books" for 127.0.0.1 at 2018-09-17 15:03:32 -0700
  
ActionController::RoutingError (No route matches [GET] "/books"):
  
actionpack (5.2.1) lib/action_dispatch/middleware/debug_exceptions.rb:65:in `call'
web-console (3.7.0) lib/web_console/middleware.rb:135:in `call_app'
web-console (3.7.0) lib/web_console/middleware.rb:30:in `block in call'
web-console (3.7.0) lib/web_console/middleware.rb:20:in `catch'
web-console (3.7.0) lib/web_console/middleware.rb:20:in `call'
actionpack (5.2.1) lib/action_dispatch/middleware/show_exceptions.rb:33:in `call'
railties (5.2.1) lib/rails/rack/logger.rb:38:in `call_app'
railties (5.2.1) lib/rails/rack/logger.rb:26:in `block in call'
activesupport (5.2.1) lib/active_support/tagged_logging.rb:71:in `block in tagged'
activesupport (5.2.1) lib/active_support/tagged_logging.rb:28:in `tagged'
activesupport (5.2.1) lib/active_support/tagged_logging.rb:71:in `tagged'
railties (5.2.1) lib/rails/rack/logger.rb:26:in `call'
sprockets-rails (3.2.1) lib/sprockets/rails/quiet_assets.rb:13:in `call'
actionpack (5.2.1) lib/action_dispatch/middleware/remote_ip.rb:81:in `call'
actionpack (5.2.1) lib/action_dispatch/middleware/request_id.rb:27:in `call'
rack (2.0.5) lib/rack/method_override.rb:22:in `call'
rack (2.0.5) lib/rack/runtime.rb:22:in `call'
activesupport (5.2.1) lib/active_support/cache/strategy/local_cache_middleware.rb:29:in `call'
actionpack (5.2.1) lib/action_dispatch/middleware/executor.rb:14:in `call'
actionpack (5.2.1) lib/action_dispatch/middleware/static.rb:127:in `call'
rack (2.0.5) lib/rack/sendfile.rb:111:in `call'
railties (5.2.1) lib/rails/engine.rb:524:in `call'
puma (3.12.0) lib/puma/configuration.rb:225:in `call'
puma (3.12.0) lib/puma/server.rb:658:in `handle_request'
puma (3.12.0) lib/puma/server.rb:472:in `process_client'
puma (3.12.0) lib/puma/server.rb:332:in `block in run'
puma (3.12.0) lib/puma/thread_pool.rb:133:in `block in spawn_thread'
Started GET "/books" for 127.0.0.1 at 2018-09-17 15:03:34 -0700
  
ActionController::RoutingError (No route matches [GET] "/books"):
  
actionpack (5.2.1) lib/action_dispatch/middleware/debug_exceptions.rb:65:in `call'
web-console (3.7.0) lib/web_console/middleware.rb:135:in `call_app'
web-console (3.7.0) lib/web_console/middleware.rb:30:in `block in call'
web-console (3.7.0) lib/web_console/middleware.rb:20:in `catch'
web-console (3.7.0) lib/web_console/middleware.rb:20:in `call'
actionpack (5.2.1) lib/action_dispatch/middleware/show_exceptions.rb:33:in `call'
railties (5.2.1) lib/rails/rack/logger.rb:38:in `call_app'
railties (5.2.1) lib/rails/rack/logger.rb:26:in `block in call'
activesupport (5.2.1) lib/active_support/tagged_logging.rb:71:in `block in tagged'
activesupport (5.2.1) lib/active_support/tagged_logging.rb:28:in `tagged'
activesupport (5.2.1) lib/active_support/tagged_logging.rb:71:in `tagged'
railties (5.2.1) lib/rails/rack/logger.rb:26:in `call'
sprockets-rails (3.2.1) lib/sprockets/rails/quiet_assets.rb:13:in `call'
actionpack (5.2.1) lib/action_dispatch/middleware/remote_ip.rb:81:in `call'
actionpack (5.2.1) lib/action_dispatch/middleware/request_id.rb:27:in `call'
rack (2.0.5) lib/rack/method_override.rb:22:in `call'
rack (2.0.5) lib/rack/runtime.rb:22:in `call'
activesupport (5.2.1) lib/active_support/cache/strategy/local_cache_middleware.rb:29:in `call'
actionpack (5.2.1) lib/action_dispatch/middleware/executor.rb:14:in `call'
actionpack (5.2.1) lib/action_dispatch/middleware/static.rb:127:in `call'
rack (2.0.5) lib/rack/sendfile.rb:111:in `call'
railties (5.2.1) lib/rails/engine.rb:524:in `call'
puma (3.12.0) lib/puma/configuration.rb:225:in `call'
puma (3.12.0) lib/puma/server.rb:658:in `handle_request'
puma (3.12.0) lib/puma/server.rb:472:in `process_client'
puma (3.12.0) lib/puma/server.rb:332:in `block in run'
puma (3.12.0) lib/puma/thread_pool.rb:133:in `block in spawn_thread'
Started GET "/books" for 127.0.0.1 at 2018-09-17 15:04:27 -0700
  
ActionController::RoutingError (No route matches [GET] "/books"):
  
actionpack (5.2.1) lib/action_dispatch/middleware/debug_exceptions.rb:65:in `call'
web-console (3.7.0) lib/web_console/middleware.rb:135:in `call_app'
web-console (3.7.0) lib/web_console/middleware.rb:30:in `block in call'
web-console (3.7.0) lib/web_console/middleware.rb:20:in `catch'
web-console (3.7.0) lib/web_console/middleware.rb:20:in `call'
actionpack (5.2.1) lib/action_dispatch/middleware/show_exceptions.rb:33:in `call'
railties (5.2.1) lib/rails/rack/logger.rb:38:in `call_app'
railties (5.2.1) lib/rails/rack/logger.rb:26:in `block in call'
activesupport (5.2.1) lib/active_support/tagged_logging.rb:71:in `block in tagged'
activesupport (5.2.1) lib/active_support/tagged_logging.rb:28:in `tagged'
activesupport (5.2.1) lib/active_support/tagged_logging.rb:71:in `tagged'
railties (5.2.1) lib/rails/rack/logger.rb:26:in `call'
sprockets-rails (3.2.1) lib/sprockets/rails/quiet_assets.rb:13:in `call'
actionpack (5.2.1) lib/action_dispatch/middleware/remote_ip.rb:81:in `call'
actionpack (5.2.1) lib/action_dispatch/middleware/request_id.rb:27:in `call'
rack (2.0.5) lib/rack/method_override.rb:22:in `call'
rack (2.0.5) lib/rack/runtime.rb:22:in `call'
activesupport (5.2.1) lib/active_support/cache/strategy/local_cache_middleware.rb:29:in `call'
actionpack (5.2.1) lib/action_dispatch/middleware/executor.rb:14:in `call'
actionpack (5.2.1) lib/action_dispatch/middleware/static.rb:127:in `call'
rack (2.0.5) lib/rack/sendfile.rb:111:in `call'
railties (5.2.1) lib/rails/engine.rb:524:in `call'
puma (3.12.0) lib/puma/configuration.rb:225:in `call'
puma (3.12.0) lib/puma/server.rb:658:in `handle_request'
puma (3.12.0) lib/puma/server.rb:472:in `process_client'
puma (3.12.0) lib/puma/server.rb:332:in `block in run'
puma (3.12.0) lib/puma/thread_pool.rb:133:in `block in spawn_thread'
Started GET "/tasks" for 127.0.0.1 at 2018-09-17 16:42:16 -0700

SyntaxError - syntax error, unexpected ':', expecting keyword_end
      head: not_found
          ^:
  app/controllers/task_controller.rb:17:in `'

Started POST "/__better_errors/a4f23d23bc278850/variables" for 127.0.0.1 at 2018-09-17 16:42:16 -0700
Started GET "/tasks" for 127.0.0.1 at 2018-09-17 16:42:47 -0700
Processing by TaskController#Index as HTML
  Rendering task/Index.html.erb within layouts/application
  Rendered task/Index.html.erb within layouts/application (0.7ms)
Completed 200 OK in 164ms (Views: 154.8ms | ActiveRecord: 0.0ms)


Started GET "/tasks/1" for 127.0.0.1 at 2018-09-17 16:42:56 -0700

NameError - uninitialized constant TasksController:

Started POST "/__better_errors/c1ded08414dac112/variables" for 127.0.0.1 at 2018-09-17 16:42:56 -0700
Started GET "/tasks/1" for 127.0.0.1 at 2018-09-17 16:45:06 -0700

NameError - uninitialized constant TasksController:

Started POST "/__better_errors/0b663c0def4da8e7/variables" for 127.0.0.1 at 2018-09-17 16:45:06 -0700
Started GET "/tasks/1" for 127.0.0.1 at 2018-09-17 16:45:07 -0700

NameError - uninitialized constant TasksController:

Started POST "/__better_errors/bef91818f6d3a656/variables" for 127.0.0.1 at 2018-09-17 16:45:07 -0700
Started GET "/tasks/1" for 127.0.0.1 at 2018-09-17 16:45:24 -0700

NameError - uninitialized constant TasksController:

Started POST "/__better_errors/d39bd1842cbbe8d6/variables" for 127.0.0.1 at 2018-09-17 16:45:24 -0700
Started POST "/__better_errors/d39bd1842cbbe8d6/variables" for 127.0.0.1 at 2018-09-17 16:45:43 -0700
Started GET "/tasks/1" for 127.0.0.1 at 2018-09-17 16:49:04 -0700

NameError - uninitialized constant TasksController:

Started POST "/__better_errors/a6db19eaed78121b/variables" for 127.0.0.1 at 2018-09-17 16:49:04 -0700
Started GET "/tasks/1" for 127.0.0.1 at 2018-09-17 16:49:20 -0700

NameError - uninitialized constant TasksController:

Started POST "/__better_errors/44080ff5002633f7/variables" for 127.0.0.1 at 2018-09-17 16:49:20 -0700
Started GET "/tasks/1" for 127.0.0.1 at 2018-09-17 16:49:22 -0700

NameError - uninitialized constant TasksController:

Started POST "/__better_errors/21c301db7cecc799/variables" for 127.0.0.1 at 2018-09-17 16:49:22 -0700
Started GET "/task/1" for 127.0.0.1 at 2018-09-17 16:51:05 -0700
  
ActionController::RoutingError (No route matches [GET] "/task/1"):
  
actionpack (5.2.1) lib/action_dispatch/middleware/debug_exceptions.rb:65:in `call'
web-console (3.7.0) lib/web_console/middleware.rb:135:in `call_app'
web-console (3.7.0) lib/web_console/middleware.rb:30:in `block in call'
web-console (3.7.0) lib/web_console/middleware.rb:20:in `catch'
web-console (3.7.0) lib/web_console/middleware.rb:20:in `call'
actionpack (5.2.1) lib/action_dispatch/middleware/show_exceptions.rb:33:in `call'
railties (5.2.1) lib/rails/rack/logger.rb:38:in `call_app'
railties (5.2.1) lib/rails/rack/logger.rb:26:in `block in call'
activesupport (5.2.1) lib/active_support/tagged_logging.rb:71:in `block in tagged'
activesupport (5.2.1) lib/active_support/tagged_logging.rb:28:in `tagged'
activesupport (5.2.1) lib/active_support/tagged_logging.rb:71:in `tagged'
railties (5.2.1) lib/rails/rack/logger.rb:26:in `call'
sprockets-rails (3.2.1) lib/sprockets/rails/quiet_assets.rb:13:in `call'
actionpack (5.2.1) lib/action_dispatch/middleware/remote_ip.rb:81:in `call'
actionpack (5.2.1) lib/action_dispatch/middleware/request_id.rb:27:in `call'
rack (2.0.5) lib/rack/method_override.rb:22:in `call'
rack (2.0.5) lib/rack/runtime.rb:22:in `call'
activesupport (5.2.1) lib/active_support/cache/strategy/local_cache_middleware.rb:29:in `call'
actionpack (5.2.1) lib/action_dispatch/middleware/executor.rb:14:in `call'
actionpack (5.2.1) lib/action_dispatch/middleware/static.rb:127:in `call'
rack (2.0.5) lib/rack/sendfile.rb:111:in `call'
railties (5.2.1) lib/rails/engine.rb:524:in `call'
puma (3.12.0) lib/puma/configuration.rb:225:in `call'
puma (3.12.0) lib/puma/server.rb:658:in `handle_request'
puma (3.12.0) lib/puma/server.rb:472:in `process_client'
puma (3.12.0) lib/puma/server.rb:332:in `block in run'
puma (3.12.0) lib/puma/thread_pool.rb:133:in `block in spawn_thread'
Started GET "/task/1" for 127.0.0.1 at 2018-09-17 16:51:24 -0700
  
ActionController::RoutingError (No route matches [GET] "/task/1"):
  
actionpack (5.2.1) lib/action_dispatch/middleware/debug_exceptions.rb:65:in `call'
web-console (3.7.0) lib/web_console/middleware.rb:135:in `call_app'
web-console (3.7.0) lib/web_console/middleware.rb:30:in `block in call'
web-console (3.7.0) lib/web_console/middleware.rb:20:in `catch'
web-console (3.7.0) lib/web_console/middleware.rb:20:in `call'
actionpack (5.2.1) lib/action_dispatch/middleware/show_exceptions.rb:33:in `call'
railties (5.2.1) lib/rails/rack/logger.rb:38:in `call_app'
railties (5.2.1) lib/rails/rack/logger.rb:26:in `block in call'
activesupport (5.2.1) lib/active_support/tagged_logging.rb:71:in `block in tagged'
activesupport (5.2.1) lib/active_support/tagged_logging.rb:28:in `tagged'
activesupport (5.2.1) lib/active_support/tagged_logging.rb:71:in `tagged'
railties (5.2.1) lib/rails/rack/logger.rb:26:in `call'
sprockets-rails (3.2.1) lib/sprockets/rails/quiet_assets.rb:13:in `call'
actionpack (5.2.1) lib/action_dispatch/middleware/remote_ip.rb:81:in `call'
actionpack (5.2.1) lib/action_dispatch/middleware/request_id.rb:27:in `call'
rack (2.0.5) lib/rack/method_override.rb:22:in `call'
rack (2.0.5) lib/rack/runtime.rb:22:in `call'
activesupport (5.2.1) lib/active_support/cache/strategy/local_cache_middleware.rb:29:in `call'
actionpack (5.2.1) lib/action_dispatch/middleware/executor.rb:14:in `call'
actionpack (5.2.1) lib/action_dispatch/middleware/static.rb:127:in `call'
rack (2.0.5) lib/rack/sendfile.rb:111:in `call'
railties (5.2.1) lib/rails/engine.rb:524:in `call'
puma (3.12.0) lib/puma/configuration.rb:225:in `call'
puma (3.12.0) lib/puma/server.rb:658:in `handle_request'
puma (3.12.0) lib/puma/server.rb:472:in `process_client'
puma (3.12.0) lib/puma/server.rb:332:in `block in run'
puma (3.12.0) lib/puma/thread_pool.rb:133:in `block in spawn_thread'
Started GET "/tasks/1" for 127.0.0.1 at 2018-09-17 16:51:29 -0700

SyntaxError - syntax error, unexpected '|', expecting '}'
    @task = TASKS.find do {|task| task[:id] == id.to_i }
                           ^
/Users/hannahvanseeters/Documents/ada/rails/TaskList/app/controllers/task_controller.rb:15: syntax error, unexpected '}', expecting keyword_end
... {|task| task[:id] == id.to_i }
...                              ^:
  app/controllers/task_controller.rb:15:in `'

Started POST "/__better_errors/aa09aee35ff5595b/variables" for 127.0.0.1 at 2018-09-17 16:51:29 -0700
Started GET "/tasks/1" for 127.0.0.1 at 2018-09-17 16:51:41 -0700
Processing by TaskController#show as HTML
  Parameters: {"id"=>"1"}
Completed 500 Internal Server Error in 1ms (ActiveRecord: 0.0ms)



RuntimeError - :
  app/controllers/task_controller.rb:14:in `show'

Started POST "/__better_errors/d99f5c9790512193/variables" for 127.0.0.1 at 2018-09-17 16:51:41 -0700
Started GET "/tasks/1" for 127.0.0.1 at 2018-09-17 16:51:49 -0700
Processing by TaskController#show as HTML
  Parameters: {"id"=>"1"}
  Rendering task/show.html.erb within layouts/application
  Rendered task/show.html.erb within layouts/application (0.3ms)
Completed 200 OK in 21ms (Views: 19.0ms | ActiveRecord: 0.0ms)


Started GET "/tasks/1" for 127.0.0.1 at 2018-09-17 16:53:16 -0700
Processing by TasksController#show as HTML
  Parameters: {"id"=>"1"}
  Rendering tasks/show.html.erb within layouts/application
  Rendered tasks/show.html.erb within layouts/application (0.3ms)
Completed 200 OK in 18ms (Views: 15.5ms | ActiveRecord: 0.0ms)


Started GET "/tasks/100" for 127.0.0.1 at 2018-09-17 16:53:22 -0700
Processing by TasksController#show as HTML
  Parameters: {"id"=>"100"}
Completed 404 Not Found in 0ms (ActiveRecord: 0.0ms)


Started GET "/tasks/1" for 127.0.0.1 at 2018-09-17 16:56:36 -0700
Processing by TasksController#show as HTML
  Parameters: {"id"=>"1"}
  Rendering tasks/show.html.erb within layouts/application
  Rendered tasks/show.html.erb within layouts/application (0.3ms)
Completed 200 OK in 17ms (Views: 15.2ms | ActiveRecord: 0.0ms)


Started GET "/tasks/" for 127.0.0.1 at 2018-09-17 16:56:42 -0700
Processing by TasksController#index as HTML
Completed 406 Not Acceptable in 89ms (ActiveRecord: 0.0ms)



ActionController::UnknownFormat - TasksController#index is missing a template for this request format and variant.

request.formats: ["text/html"]
request.variant: []

NOTE! For XHR/Ajax or API requests, this action would normally respond with 204 No Content: an empty white screen. Since you're loading it in a web browser, we assume that you expected to actually render a template, not nothing, so we're showing an error to be extra-clear. If you expect 204 No Content, carry on. That's what you'll get from an XHR or API request. Give it a shot.:

Started POST "/__better_errors/9df72448d83a5d50/variables" for 127.0.0.1 at 2018-09-17 16:56:42 -0700
Started GET "/tasks/" for 127.0.0.1 at 2018-09-17 17:00:11 -0700
Processing by TasksController#index as HTML
Completed 406 Not Acceptable in 94ms (ActiveRecord: 0.0ms)



ActionController::UnknownFormat - TasksController#index is missing a template for this request format and variant.

request.formats: ["text/html"]
request.variant: []

NOTE! For XHR/Ajax or API requests, this action would normally respond with 204 No Content: an empty white screen. Since you're loading it in a web browser, we assume that you expected to actually render a template, not nothing, so we're showing an error to be extra-clear. If you expect 204 No Content, carry on. That's what you'll get from an XHR or API request. Give it a shot.:

Started POST "/__better_errors/d50bc32e03393462/variables" for 127.0.0.1 at 2018-09-17 17:00:11 -0700
Started GET "/tasks/" for 127.0.0.1 at 2018-09-17 17:00:13 -0700
Processing by TasksController#index as HTML
Completed 406 Not Acceptable in 85ms (ActiveRecord: 0.0ms)



ActionController::UnknownFormat - TasksController#index is missing a template for this request format and variant.

request.formats: ["text/html"]
request.variant: []

NOTE! For XHR/Ajax or API requests, this action would normally respond with 204 No Content: an empty white screen. Since you're loading it in a web browser, we assume that you expected to actually render a template, not nothing, so we're showing an error to be extra-clear. If you expect 204 No Content, carry on. That's what you'll get from an XHR or API request. Give it a shot.:

Started POST "/__better_errors/3a3ef247532890e3/variables" for 127.0.0.1 at 2018-09-17 17:00:13 -0700
Started GET "/tasks/" for 127.0.0.1 at 2018-09-17 20:29:10 -0700
Processing by TasksController#index as HTML
Completed 406 Not Acceptable in 125ms (ActiveRecord: 0.0ms)



ActionController::UnknownFormat - TasksController#index is missing a template for this request format and variant.

request.formats: ["text/html"]
request.variant: []

NOTE! For XHR/Ajax or API requests, this action would normally respond with 204 No Content: an empty white screen. Since you're loading it in a web browser, we assume that you expected to actually render a template, not nothing, so we're showing an error to be extra-clear. If you expect 204 No Content, carry on. That's what you'll get from an XHR or API request. Give it a shot.:

Started POST "/__better_errors/ea2b2507f5860ad6/variables" for 127.0.0.1 at 2018-09-17 20:29:10 -0700
Started GET "/tasks/" for 127.0.0.1 at 2018-09-17 20:29:47 -0700
Processing by TasksController#index as HTML
Completed 406 Not Acceptable in 97ms (ActiveRecord: 0.0ms)



ActionController::UnknownFormat - TasksController#index is missing a template for this request format and variant.

request.formats: ["text/html"]
request.variant: []

NOTE! For XHR/Ajax or API requests, this action would normally respond with 204 No Content: an empty white screen. Since you're loading it in a web browser, we assume that you expected to actually render a template, not nothing, so we're showing an error to be extra-clear. If you expect 204 No Content, carry on. That's what you'll get from an XHR or API request. Give it a shot.:

Started POST "/__better_errors/71a112420d9ec450/variables" for 127.0.0.1 at 2018-09-17 20:29:48 -0700
Started GET "/tasks/" for 127.0.0.1 at 2018-09-17 20:29:51 -0700
Processing by TasksController#index as HTML
Completed 406 Not Acceptable in 85ms (ActiveRecord: 0.0ms)



ActionController::UnknownFormat - TasksController#index is missing a template for this request format and variant.

request.formats: ["text/html"]
request.variant: []

NOTE! For XHR/Ajax or API requests, this action would normally respond with 204 No Content: an empty white screen. Since you're loading it in a web browser, we assume that you expected to actually render a template, not nothing, so we're showing an error to be extra-clear. If you expect 204 No Content, carry on. That's what you'll get from an XHR or API request. Give it a shot.:

Started POST "/__better_errors/b29ee8676207d7d9/variables" for 127.0.0.1 at 2018-09-17 20:29:51 -0700
Started GET "/tasks/" for 127.0.0.1 at 2018-09-17 20:30:35 -0700
Processing by TasksController#index as HTML
Completed 406 Not Acceptable in 88ms (ActiveRecord: 0.0ms)



ActionController::UnknownFormat - TasksController#index is missing a template for this request format and variant.

request.formats: ["text/html"]
request.variant: []

NOTE! For XHR/Ajax or API requests, this action would normally respond with 204 No Content: an empty white screen. Since you're loading it in a web browser, we assume that you expected to actually render a template, not nothing, so we're showing an error to be extra-clear. If you expect 204 No Content, carry on. That's what you'll get from an XHR or API request. Give it a shot.:

Started POST "/__better_errors/75caf132bec20b3d/variables" for 127.0.0.1 at 2018-09-17 20:30:35 -0700
Started GET "/tasks/" for 127.0.0.1 at 2018-09-17 20:30:37 -0700
Processing by TasksController#index as HTML
Completed 406 Not Acceptable in 83ms (ActiveRecord: 0.0ms)



ActionController::UnknownFormat - TasksController#index is missing a template for this request format and variant.

request.formats: ["text/html"]
request.variant: []

NOTE! For XHR/Ajax or API requests, this action would normally respond with 204 No Content: an empty white screen. Since you're loading it in a web browser, we assume that you expected to actually render a template, not nothing, so we're showing an error to be extra-clear. If you expect 204 No Content, carry on. That's what you'll get from an XHR or API request. Give it a shot.:

Started POST "/__better_errors/083a99a5673b6132/variables" for 127.0.0.1 at 2018-09-17 20:30:37 -0700
Started GET "/tasks/" for 127.0.0.1 at 2018-09-17 20:31:16 -0700
Processing by TasksController#index as HTML
Completed 406 Not Acceptable in 84ms (ActiveRecord: 0.0ms)



ActionController::UnknownFormat - TasksController#index is missing a template for this request format and variant.

request.formats: ["text/html"]
request.variant: []

NOTE! For XHR/Ajax or API requests, this action would normally respond with 204 No Content: an empty white screen. Since you're loading it in a web browser, we assume that you expected to actually render a template, not nothing, so we're showing an error to be extra-clear. If you expect 204 No Content, carry on. That's what you'll get from an XHR or API request. Give it a shot.:

Started POST "/__better_errors/472f63730793c157/variables" for 127.0.0.1 at 2018-09-17 20:31:16 -0700
Started GET "/tasks/" for 127.0.0.1 at 2018-09-17 20:31:18 -0700
Processing by TasksController#index as HTML
Completed 406 Not Acceptable in 85ms (ActiveRecord: 0.0ms)



ActionController::UnknownFormat - TasksController#index is missing a template for this request format and variant.

request.formats: ["text/html"]
request.variant: []

NOTE! For XHR/Ajax or API requests, this action would normally respond with 204 No Content: an empty white screen. Since you're loading it in a web browser, we assume that you expected to actually render a template, not nothing, so we're showing an error to be extra-clear. If you expect 204 No Content, carry on. That's what you'll get from an XHR or API request. Give it a shot.:

Started POST "/__better_errors/f8d564088409b874/variables" for 127.0.0.1 at 2018-09-17 20:31:18 -0700
Started GET "/tasks/" for 127.0.0.1 at 2018-09-17 20:31:36 -0700
Processing by TasksController#index as HTML
Completed 406 Not Acceptable in 89ms (ActiveRecord: 0.0ms)



ActionController::UnknownFormat - TasksController#index is missing a template for this request format and variant.

request.formats: ["text/html"]
request.variant: []

NOTE! For XHR/Ajax or API requests, this action would normally respond with 204 No Content: an empty white screen. Since you're loading it in a web browser, we assume that you expected to actually render a template, not nothing, so we're showing an error to be extra-clear. If you expect 204 No Content, carry on. That's what you'll get from an XHR or API request. Give it a shot.:

Started POST "/__better_errors/08197dee3d35f1fb/variables" for 127.0.0.1 at 2018-09-17 20:31:36 -0700
Started GET "/tasks/" for 127.0.0.1 at 2018-09-17 20:31:38 -0700
Processing by TasksController#index as HTML
Completed 406 Not Acceptable in 83ms (ActiveRecord: 0.0ms)



ActionController::UnknownFormat - TasksController#index is missing a template for this request format and variant.

request.formats: ["text/html"]
request.variant: []

NOTE! For XHR/Ajax or API requests, this action would normally respond with 204 No Content: an empty white screen. Since you're loading it in a web browser, we assume that you expected to actually render a template, not nothing, so we're showing an error to be extra-clear. If you expect 204 No Content, carry on. That's what you'll get from an XHR or API request. Give it a shot.:

Started POST "/__better_errors/cafe8f4b457c50d1/variables" for 127.0.0.1 at 2018-09-17 20:31:38 -0700
Started GET "/tasks/" for 127.0.0.1 at 2018-09-17 20:32:06 -0700
Processing by TasksController#index as HTML
Completed 406 Not Acceptable in 85ms (ActiveRecord: 0.0ms)



ActionController::UnknownFormat - TasksController#index is missing a template for this request format and variant.

request.formats: ["text/html"]
request.variant: []

NOTE! For XHR/Ajax or API requests, this action would normally respond with 204 No Content: an empty white screen. Since you're loading it in a web browser, we assume that you expected to actually render a template, not nothing, so we're showing an error to be extra-clear. If you expect 204 No Content, carry on. That's what you'll get from an XHR or API request. Give it a shot.:

Started POST "/__better_errors/96f7dd80b7a971ec/variables" for 127.0.0.1 at 2018-09-17 20:32:06 -0700
Started GET "/tasks/" for 127.0.0.1 at 2018-09-17 20:34:22 -0700
Processing by TasksController#index as HTML
Completed 406 Not Acceptable in 87ms (ActiveRecord: 0.0ms)



ActionController::UnknownFormat - TasksController#index is missing a template for this request format and variant.

request.formats: ["text/html"]
request.variant: []

NOTE! For XHR/Ajax or API requests, this action would normally respond with 204 No Content: an empty white screen. Since you're loading it in a web browser, we assume that you expected to actually render a template, not nothing, so we're showing an error to be extra-clear. If you expect 204 No Content, carry on. That's what you'll get from an XHR or API request. Give it a shot.:

Started POST "/__better_errors/531b5e2f3664ba46/variables" for 127.0.0.1 at 2018-09-17 20:34:22 -0700
Started GET "/tasks/" for 127.0.0.1 at 2018-09-17 20:35:03 -0700
Processing by TasksController#index as HTML
Completed 406 Not Acceptable in 82ms (ActiveRecord: 0.0ms)



ActionController::UnknownFormat - TasksController#index is missing a template for this request format and variant.

request.formats: ["text/html"]
request.variant: []

NOTE! For XHR/Ajax or API requests, this action would normally respond with 204 No Content: an empty white screen. Since you're loading it in a web browser, we assume that you expected to actually render a template, not nothing, so we're showing an error to be extra-clear. If you expect 204 No Content, carry on. That's what you'll get from an XHR or API request. Give it a shot.:

Started POST "/__better_errors/e248184959940eb7/variables" for 127.0.0.1 at 2018-09-17 20:35:03 -0700
Started GET "/tasks/" for 127.0.0.1 at 2018-09-17 20:35:28 -0700
Processing by TasksController#index as HTML
Completed 406 Not Acceptable in 82ms (ActiveRecord: 0.0ms)



ActionController::UnknownFormat - TasksController#index is missing a template for this request format and variant.

request.formats: ["text/html"]
request.variant: []

NOTE! For XHR/Ajax or API requests, this action would normally respond with 204 No Content: an empty white screen. Since you're loading it in a web browser, we assume that you expected to actually render a template, not nothing, so we're showing an error to be extra-clear. If you expect 204 No Content, carry on. That's what you'll get from an XHR or API request. Give it a shot.:

Started POST "/__better_errors/ed4b629af74258e3/variables" for 127.0.0.1 at 2018-09-17 20:35:28 -0700
Started POST "/__better_errors/ed4b629af74258e3/variables" for 127.0.0.1 at 2018-09-17 20:37:46 -0700
Started POST "/__better_errors/ed4b629af74258e3/variables" for 127.0.0.1 at 2018-09-17 20:37:51 -0700
Started POST "/__better_errors/ed4b629af74258e3/variables" for 127.0.0.1 at 2018-09-17 20:37:53 -0700
Started POST "/__better_errors/ed4b629af74258e3/variables" for 127.0.0.1 at 2018-09-17 20:37:56 -0700
Started POST "/__better_errors/ed4b629af74258e3/variables" for 127.0.0.1 at 2018-09-17 20:37:58 -0700
Started GET "/tasks/" for 127.0.0.1 at 2018-09-17 20:38:46 -0700
Processing by TasksController#index as HTML
Completed 406 Not Acceptable in 86ms (ActiveRecord: 0.0ms)



ActionController::UnknownFormat - TasksController#index is missing a template for this request format and variant.

request.formats: ["text/html"]
request.variant: []

NOTE! For XHR/Ajax or API requests, this action would normally respond with 204 No Content: an empty white screen. Since you're loading it in a web browser, we assume that you expected to actually render a template, not nothing, so we're showing an error to be extra-clear. If you expect 204 No Content, carry on. That's what you'll get from an XHR or API request. Give it a shot.:

Started POST "/__better_errors/0ece01ab5e5e639e/variables" for 127.0.0.1 at 2018-09-17 20:38:46 -0700
Started GET "/tasks/" for 127.0.0.1 at 2018-09-17 20:38:49 -0700
Processing by TasksController#index as HTML
Completed 406 Not Acceptable in 88ms (ActiveRecord: 0.0ms)



ActionController::UnknownFormat - TasksController#index is missing a template for this request format and variant.

request.formats: ["text/html"]
request.variant: []

NOTE! For XHR/Ajax or API requests, this action would normally respond with 204 No Content: an empty white screen. Since you're loading it in a web browser, we assume that you expected to actually render a template, not nothing, so we're showing an error to be extra-clear. If you expect 204 No Content, carry on. That's what you'll get from an XHR or API request. Give it a shot.:

Started POST "/__better_errors/6679d64885e031a5/variables" for 127.0.0.1 at 2018-09-17 20:38:50 -0700
Started GET "/tasks/" for 127.0.0.1 at 2018-09-17 20:39:31 -0700
Processing by TasksController#index as HTML
Completed 406 Not Acceptable in 87ms (ActiveRecord: 0.0ms)



ActionController::UnknownFormat - TasksController#index is missing a template for this request format and variant.

request.formats: ["text/html"]
request.variant: []

NOTE! For XHR/Ajax or API requests, this action would normally respond with 204 No Content: an empty white screen. Since you're loading it in a web browser, we assume that you expected to actually render a template, not nothing, so we're showing an error to be extra-clear. If you expect 204 No Content, carry on. That's what you'll get from an XHR or API request. Give it a shot.:

Started POST "/__better_errors/d54c32b5ecc3c7d2/variables" for 127.0.0.1 at 2018-09-17 20:39:31 -0700
Started GET "/tasks/" for 127.0.0.1 at 2018-09-17 20:41:15 -0700
Processing by TasksController#index as HTML
Completed 406 Not Acceptable in 80ms (ActiveRecord: 0.0ms)



ActionController::UnknownFormat - TasksController#index is missing a template for this request format and variant.

request.formats: ["text/html"]
request.variant: []

NOTE! For XHR/Ajax or API requests, this action would normally respond with 204 No Content: an empty white screen. Since you're loading it in a web browser, we assume that you expected to actually render a template, not nothing, so we're showing an error to be extra-clear. If you expect 204 No Content, carry on. That's what you'll get from an XHR or API request. Give it a shot.:

Started POST "/__better_errors/a23d81f346d612dc/variables" for 127.0.0.1 at 2018-09-17 20:41:15 -0700
Started GET "/tasks/" for 127.0.0.1 at 2018-09-17 20:50:13 -0700
Processing by TasksController#index as HTML
  Rendering tasks/index.html.erb within layouts/application
  Rendered tasks/index.html.erb within layouts/application (1.4ms)
Completed 200 OK in 231ms (Views: 228.4ms | ActiveRecord: 0.0ms)


Started GET "/tasks/" for 127.0.0.1 at 2018-09-17 20:52:51 -0700
Processing by TasksController#index as HTML
  Rendering tasks/index.html.erb within layouts/application
  Rendered tasks/index.html.erb within layouts/application (228.2ms)
Completed 500 Internal Server Error in 235ms (ActiveRecord: 0.0ms)



NameError - undefined local variable or method `book' for #<#<Class:0x00007f95b597ba10>:0x00007f95b9dcb260>:
  app/views/tasks/index.html.erb:4:in `block in _app_views_tasks_index_html_erb___1641868015780340841_70140522552760'
  app/views/tasks/index.html.erb:3:in `_app_views_tasks_index_html_erb___1641868015780340841_70140522552760'

Started POST "/__better_errors/520da00a2392bdc9/variables" for 127.0.0.1 at 2018-09-17 20:52:51 -0700
Started GET "/tasks/" for 127.0.0.1 at 2018-09-17 20:53:52 -0700
Processing by TasksController#index as HTML
  Rendering tasks/index.html.erb within layouts/application
  Rendered tasks/index.html.erb within layouts/application (0.4ms)
Completed 200 OK in 16ms (Views: 14.1ms | ActiveRecord: 0.0ms)


Started GET "/tasks/" for 127.0.0.1 at 2018-09-17 20:55:02 -0700
Processing by TasksController#index as HTML
  Rendering tasks/index.html.erb within layouts/application
  Rendered tasks/index.html.erb within layouts/application (0.4ms)
Completed 200 OK in 17ms (Views: 15.4ms | ActiveRecord: 0.0ms)


Started GET "/tasks/1" for 127.0.0.1 at 2018-09-17 20:55:06 -0700
Processing by TasksController#show as HTML
  Parameters: {"id"=>"1"}
  Rendering tasks/show.html.erb within layouts/application
  Rendered tasks/show.html.erb within layouts/application (0.3ms)
Completed 200 OK in 17ms (Views: 14.6ms | ActiveRecord: 0.0ms)


Started GET "/tasks/1" for 127.0.0.1 at 2018-09-17 20:56:46 -0700
Processing by TasksController#show as HTML
  Parameters: {"id"=>"1"}
  Rendering tasks/show.html.erb within layouts/application
  Rendered tasks/show.html.erb within layouts/application (0.3ms)
Completed 200 OK in 21ms (Views: 19.2ms | ActiveRecord: 0.0ms)


Started GET "/tasks/1" for 127.0.0.1 at 2018-09-17 20:56:53 -0700
Processing by TasksController#show as HTML
  Parameters: {"id"=>"1"}
  Rendering tasks/show.html.erb within layouts/application
  Rendered tasks/show.html.erb within layouts/application (0.3ms)
Completed 200 OK in 22ms (Views: 19.6ms | ActiveRecord: 0.0ms)


Started GET "/tasks/1" for 127.0.0.1 at 2018-09-17 20:57:03 -0700
Processing by TasksController#show as HTML
  Parameters: {"id"=>"1"}
  Rendering tasks/show.html.erb within layouts/application
  Rendered tasks/show.html.erb within layouts/application (0.4ms)
Completed 200 OK in 30ms (Views: 27.6ms | ActiveRecord: 0.0ms)


Started GET "/tasks/1" for 127.0.0.1 at 2018-09-17 20:57:14 -0700
Processing by TasksController#show as HTML
  Parameters: {"id"=>"1"}
  Rendering tasks/show.html.erb within layouts/application
  Rendered tasks/show.html.erb within layouts/application (0.5ms)
Completed 200 OK in 26ms (Views: 23.7ms | ActiveRecord: 0.0ms)


Started GET "/tasks/1" for 127.0.0.1 at 2018-09-17 20:58:57 -0700
Processing by TasksController#show as HTML
  Parameters: {"id"=>"1"}
  Rendering tasks/show.html.erb within layouts/application
  Rendered tasks/show.html.erb within layouts/application (0.3ms)
Completed 200 OK in 25ms (Views: 22.7ms | ActiveRecord: 0.0ms)


Started GET "/tasks/1" for 127.0.0.1 at 2018-09-17 20:59:30 -0700
Processing by TasksController#show as HTML
  Parameters: {"id"=>"1"}
  Rendering tasks/show.html.erb within layouts/application
  Rendered tasks/show.html.erb within layouts/application (0.4ms)
Completed 200 OK in 31ms (Views: 28.6ms | ActiveRecord: 0.0ms)


Started GET "/tasks/1" for 127.0.0.1 at 2018-09-17 20:59:39 -0700
Processing by TasksController#show as HTML
  Parameters: {"id"=>"1"}
  Rendering tasks/show.html.erb within layouts/application
  Rendered tasks/show.html.erb within layouts/application (0.5ms)
Completed 200 OK in 27ms (Views: 24.9ms | ActiveRecord: 0.0ms)


Started GET "/tasks/1" for 127.0.0.1 at 2018-09-17 21:00:17 -0700
Processing by TasksController#show as HTML
  Parameters: {"id"=>"1"}
  Rendering tasks/show.html.erb within layouts/application
  Rendered tasks/show.html.erb within layouts/application (0.3ms)
Completed 200 OK in 27ms (Views: 24.5ms | ActiveRecord: 0.0ms)


Started GET "/tasks/1" for 127.0.0.1 at 2018-09-17 21:00:34 -0700
Processing by TasksController#show as HTML
  Parameters: {"id"=>"1"}
  Rendering tasks/show.html.erb within layouts/application
  Rendered tasks/show.html.erb within layouts/application (0.3ms)
Completed 200 OK in 37ms (Views: 35.2ms | ActiveRecord: 0.0ms)


Started GET "/tasks/1" for 127.0.0.1 at 2018-09-17 21:00:39 -0700
Processing by TasksController#show as HTML
  Parameters: {"id"=>"1"}
  Rendering tasks/show.html.erb within layouts/application
  Rendered tasks/show.html.erb within layouts/application (0.3ms)
Completed 200 OK in 19ms (Views: 16.9ms | ActiveRecord: 0.0ms)


Started GET "/tasks/1" for 127.0.0.1 at 2018-09-17 21:02:25 -0700
Processing by TasksController#show as HTML
  Parameters: {"id"=>"1"}
  Rendering tasks/show.html.erb within layouts/application
  Rendered tasks/show.html.erb within layouts/application (0.3ms)
Completed 200 OK in 22ms (Views: 20.1ms | ActiveRecord: 0.0ms)


Started GET "/books" for 127.0.0.1 at 2018-09-18 13:46:15 -0700
  
ActionController::RoutingError (No route matches [GET] "/books"):
  
actionpack (5.2.1) lib/action_dispatch/middleware/debug_exceptions.rb:65:in `call'
web-console (3.7.0) lib/web_console/middleware.rb:135:in `call_app'
web-console (3.7.0) lib/web_console/middleware.rb:30:in `block in call'
web-console (3.7.0) lib/web_console/middleware.rb:20:in `catch'
web-console (3.7.0) lib/web_console/middleware.rb:20:in `call'
actionpack (5.2.1) lib/action_dispatch/middleware/show_exceptions.rb:33:in `call'
railties (5.2.1) lib/rails/rack/logger.rb:38:in `call_app'
railties (5.2.1) lib/rails/rack/logger.rb:26:in `block in call'
activesupport (5.2.1) lib/active_support/tagged_logging.rb:71:in `block in tagged'
activesupport (5.2.1) lib/active_support/tagged_logging.rb:28:in `tagged'
activesupport (5.2.1) lib/active_support/tagged_logging.rb:71:in `tagged'
railties (5.2.1) lib/rails/rack/logger.rb:26:in `call'
sprockets-rails (3.2.1) lib/sprockets/rails/quiet_assets.rb:13:in `call'
actionpack (5.2.1) lib/action_dispatch/middleware/remote_ip.rb:81:in `call'
actionpack (5.2.1) lib/action_dispatch/middleware/request_id.rb:27:in `call'
rack (2.0.5) lib/rack/method_override.rb:22:in `call'
rack (2.0.5) lib/rack/runtime.rb:22:in `call'
activesupport (5.2.1) lib/active_support/cache/strategy/local_cache_middleware.rb:29:in `call'
actionpack (5.2.1) lib/action_dispatch/middleware/executor.rb:14:in `call'
actionpack (5.2.1) lib/action_dispatch/middleware/static.rb:127:in `call'
rack (2.0.5) lib/rack/sendfile.rb:111:in `call'
railties (5.2.1) lib/rails/engine.rb:524:in `call'
puma (3.12.0) lib/puma/configuration.rb:225:in `call'
puma (3.12.0) lib/puma/server.rb:658:in `handle_request'
puma (3.12.0) lib/puma/server.rb:472:in `process_client'
puma (3.12.0) lib/puma/server.rb:332:in `block in run'
puma (3.12.0) lib/puma/thread_pool.rb:133:in `block in spawn_thread'
Started GET "/tasks" for 127.0.0.1 at 2018-09-18 13:46:17 -0700
Processing by TasksController#index as HTML
  Rendering tasks/index.html.erb within layouts/application
  Rendered tasks/index.html.erb within layouts/application (0.3ms)
Completed 200 OK in 183ms (Views: 180.9ms | ActiveRecord: 0.0ms)


Started GET "/tasks" for 127.0.0.1 at 2018-09-18 13:46:58 -0700
Processing by TasksController#index as HTML
  Rendering tasks/index.html.erb within layouts/application
  Rendered tasks/index.html.erb within layouts/application (0.4ms)
Completed 200 OK in 23ms (Views: 20.8ms | ActiveRecord: 0.0ms)


Started GET "/tasks" for 127.0.0.1 at 2018-09-18 13:47:13 -0700
Processing by TasksController#index as HTML
  Rendering tasks/index.html.erb within layouts/application
  Rendered tasks/index.html.erb within layouts/application (0.4ms)
Completed 200 OK in 24ms (Views: 21.8ms | ActiveRecord: 0.0ms)


  [1m[35m (21.6ms)[0m  [1m[35mCREATE TABLE "schema_migrations" ("version" character varying NOT NULL PRIMARY KEY)[0m
  ↳ bin/rails:9
  [1m[35m (7.2ms)[0m  [1m[35mCREATE TABLE "ar_internal_metadata" ("key" character varying NOT NULL PRIMARY KEY, "value" character varying, "created_at" timestamp NOT NULL, "updated_at" timestamp NOT NULL)[0m
  ↳ bin/rails:9
  [1m[35m (0.2ms)[0m  [1m[34mSELECT pg_try_advisory_lock(4169262226251541860)[0m
  ↳ bin/rails:9
  [1m[35m (0.8ms)[0m  [1m[34mSELECT "schema_migrations"."version" FROM "schema_migrations" ORDER BY "schema_migrations"."version" ASC[0m
  ↳ bin/rails:9
Migrating to CreateTasks (20180918204813)
  [1m[35m (0.1ms)[0m  [1m[35mBEGIN[0m
  ↳ bin/rails:9
  [1m[35m (6.8ms)[0m  [1m[35mCREATE TABLE "tasks" ("id" bigserial primary key, "title" character varying, "description" character varying, "completion_date" character varying, "created_at" timestamp NOT NULL, "updated_at" timestamp NOT NULL)[0m
  ↳ db/migrate/20180918204813_create_tasks.rb:3
  [1m[36mActiveRecord::SchemaMigration Create (0.4ms)[0m  [1m[32mINSERT INTO "schema_migrations" ("version") VALUES ($1) RETURNING "version"[0m  [["version", "20180918204813"]]
  ↳ bin/rails:9
  [1m[35m (0.5ms)[0m  [1m[35mCOMMIT[0m
  ↳ bin/rails:9
  [1m[36mActiveRecord::InternalMetadata Load (0.3ms)[0m  [1m[34mSELECT  "ar_internal_metadata".* FROM "ar_internal_metadata" WHERE "ar_internal_metadata"."key" = $1 LIMIT $2[0m  [["key", "environment"], ["LIMIT", 1]]
  ↳ bin/rails:9
  [1m[35m (0.1ms)[0m  [1m[35mBEGIN[0m
  ↳ bin/rails:9
  [1m[36mActiveRecord::InternalMetadata Create (0.4ms)[0m  [1m[32mINSERT INTO "ar_internal_metadata" ("key", "value", "created_at", "updated_at") VALUES ($1, $2, $3, $4) RETURNING "key"[0m  [["key", "environment"], ["value", "development"], ["created_at", "2018-09-18 20:50:04.159731"], ["updated_at", "2018-09-18 20:50:04.159731"]]
  ↳ bin/rails:9
  [1m[35m (0.4ms)[0m  [1m[35mCOMMIT[0m
  ↳ bin/rails:9
  [1m[35m (0.2ms)[0m  [1m[34mSELECT pg_advisory_unlock(4169262226251541860)[0m
  ↳ bin/rails:9
  [1m[35m (0.2ms)[0m  [1m[34mSELECT "schema_migrations"."version" FROM "schema_migrations" ORDER BY "schema_migrations"."version" ASC[0m
  ↳ bin/rails:9
  [1m[35m (0.5ms)[0m  [1m[34mSELECT "schema_migrations"."version" FROM "schema_migrations" ORDER BY "schema_migrations"."version" ASC[0m
  ↳ bin/rails:9
  [1m[36mTask Load (0.5ms)[0m  [1m[34mSELECT "tasks".* FROM "tasks"[0m
  [1m[35m (0.2ms)[0m  [1m[35mBEGIN[0m
  [1m[36mTask Create (0.9ms)[0m  [1m[32mINSERT INTO "tasks" ("title", "description", "completion_date", "created_at", "updated_at") VALUES ($1, $2, $3, $4, $5) RETURNING "id"[0m  [["title", "Wash dishes"], ["description", "In the kitchen with a sponge"], ["completion_date", "Tuesdays"], ["created_at", "2018-09-18 20:53:04.469215"], ["updated_at", "2018-09-18 20:53:04.469215"]]
  [1m[35m (0.4ms)[0m  [1m[35mCOMMIT[0m
  [1m[35m (0.2ms)[0m  [1m[35mBEGIN[0m
  [1m[36mTask Create (0.4ms)[0m  [1m[32mINSERT INTO "tasks" ("title", "description", "completion_date", "created_at", "updated_at") VALUES ($1, $2, $3, $4, $5) RETURNING "id"[0m  [["title", "Do a jig"], ["description", "In the yard with some friends"], ["completion_date", "Saturdays"], ["created_at", "2018-09-18 20:53:57.349119"], ["updated_at", "2018-09-18 20:53:57.349119"]]
  [1m[35m (0.4ms)[0m  [1m[35mCOMMIT[0m
  [1m[35m (0.2ms)[0m  [1m[35mBEGIN[0m
  [1m[36mTask Create (0.4ms)[0m  [1m[32mINSERT INTO "tasks" ("title", "description", "completion_date", "created_at", "updated_at") VALUES ($1, $2, $3, $4, $5) RETURNING "id"[0m  [["title", "Mow the lawn"], ["description", "In the yard with the lawn mower"], ["completion_date", "Thursdays"], ["created_at", "2018-09-18 20:55:07.249052"], ["updated_at", "2018-09-18 20:55:07.249052"]]
  [1m[35m (0.7ms)[0m  [1m[35mCOMMIT[0m
  [1m[36mTask Load (0.5ms)[0m  [1m[34mSELECT "tasks".* FROM "tasks"[0m
Started GET "/tasks" for 127.0.0.1 at 2018-09-18 14:02:25 -0700
  [1m[35m (0.5ms)[0m  [1m[34mSELECT "schema_migrations"."version" FROM "schema_migrations" ORDER BY "schema_migrations"."version" ASC[0m
  ↳ /Users/hannahvanseeters/.rvm/gems/ruby-2.5.1/gems/activerecord-5.2.1/lib/active_record/log_subscriber.rb:98
Processing by TasksController#index as HTML
  Rendering tasks/index.html.erb within layouts/application
  [1m[36mTask Load (0.5ms)[0m  [1m[34mSELECT "tasks".* FROM "tasks" ORDER BY "tasks"."title" ASC[0m
  ↳ app/views/tasks/index.html.erb:3
  Rendered tasks/index.html.erb within layouts/application (9.8ms)
Completed 200 OK in 31ms (Views: 24.3ms | ActiveRecord: 3.6ms)


Started GET "/tasks/2" for 127.0.0.1 at 2018-09-18 14:02:42 -0700
Processing by TasksController#show as HTML
  Parameters: {"id"=>"2"}
  [1m[36mTask Load (0.2ms)[0m  [1m[34mSELECT  "tasks".* FROM "tasks" WHERE "tasks"."id" = $1 LIMIT $2[0m  [["id", 2], ["LIMIT", 1]]
  ↳ app/controllers/tasks_controller.rb:14
  Rendering tasks/show.html.erb within layouts/application
  Rendered tasks/show.html.erb within layouts/application (0.5ms)
Completed 200 OK in 26ms (Views: 21.4ms | ActiveRecord: 0.4ms)


Started GET "/tasks/3" for 127.0.0.1 at 2018-09-18 14:02:46 -0700
Processing by TasksController#show as HTML
  Parameters: {"id"=>"3"}
  [1m[36mTask Load (0.3ms)[0m  [1m[34mSELECT  "tasks".* FROM "tasks" WHERE "tasks"."id" = $1 LIMIT $2[0m  [["id", 3], ["LIMIT", 1]]
  ↳ app/controllers/tasks_controller.rb:14
  Rendering tasks/show.html.erb within layouts/application
  Rendered tasks/show.html.erb within layouts/application (0.4ms)
Completed 200 OK in 24ms (Views: 21.3ms | ActiveRecord: 0.3ms)


Started GET "/tasks/1" for 127.0.0.1 at 2018-09-18 14:02:50 -0700
Processing by TasksController#show as HTML
  Parameters: {"id"=>"1"}
  [1m[36mTask Load (0.3ms)[0m  [1m[34mSELECT  "tasks".* FROM "tasks" WHERE "tasks"."id" = $1 LIMIT $2[0m  [["id", 1], ["LIMIT", 1]]
  ↳ app/controllers/tasks_controller.rb:14
  Rendering tasks/show.html.erb within layouts/application
  Rendered tasks/show.html.erb within layouts/application (0.4ms)
Completed 200 OK in 29ms (Views: 26.3ms | ActiveRecord: 0.3ms)


Started GET "/tasks" for 127.0.0.1 at 2018-09-18 14:11:45 -0700

SyntaxError - syntax error, unexpected tSYMBEG, expecting keyword_do or '{' or '('
...     render :notfound, status :not_found
...                              ^:
  app/controllers/tasks_controller.rb:17:in `'

Started POST "/__better_errors/ac762a464c7898fb/variables" for 127.0.0.1 at 2018-09-18 14:11:45 -0700
Started GET "/tasks" for 127.0.0.1 at 2018-09-18 14:12:13 -0700

SyntaxError - syntax error, unexpected tIDENTIFIER, expecting keyword_end
      render :notfound status :not_found
                       ^~~~~~:
  app/controllers/tasks_controller.rb:17:in `'

Started POST "/__better_errors/e6e5ca474740fc5f/variables" for 127.0.0.1 at 2018-09-18 14:12:13 -0700
Started GET "/tasks" for 127.0.0.1 at 2018-09-18 14:13:08 -0700
Processing by TasksController#index as HTML
  Rendering tasks/index.html.erb within layouts/application
  [1m[36mTask Load (0.8ms)[0m  [1m[34mSELECT "tasks".* FROM "tasks" ORDER BY "tasks"."title" ASC[0m
  ↳ app/views/tasks/index.html.erb:3
  Rendered tasks/index.html.erb within layouts/application (12.1ms)
Completed 200 OK in 33ms (Views: 24.1ms | ActiveRecord: 5.8ms)


Started GET "/tasks/2" for 127.0.0.1 at 2018-09-18 14:13:13 -0700
Processing by TasksController#show as HTML
  Parameters: {"id"=>"2"}
  [1m[36mTask Load (0.2ms)[0m  [1m[34mSELECT  "tasks".* FROM "tasks" WHERE "tasks"."id" = $1 LIMIT $2[0m  [["id", 2], ["LIMIT", 1]]
  ↳ app/controllers/tasks_controller.rb:14
  Rendering tasks/show.html.erb within layouts/application
  Rendered tasks/show.html.erb within layouts/application (0.4ms)
Completed 200 OK in 23ms (Views: 19.4ms | ActiveRecord: 0.4ms)


Started GET "/tasks/3" for 127.0.0.1 at 2018-09-18 14:13:20 -0700
Processing by TasksController#show as HTML
  Parameters: {"id"=>"3"}
  [1m[36mTask Load (0.2ms)[0m  [1m[34mSELECT  "tasks".* FROM "tasks" WHERE "tasks"."id" = $1 LIMIT $2[0m  [["id", 3], ["LIMIT", 1]]
  ↳ app/controllers/tasks_controller.rb:14
  Rendering tasks/show.html.erb within layouts/application
  Rendered tasks/show.html.erb within layouts/application (0.5ms)
Completed 200 OK in 20ms (Views: 17.5ms | ActiveRecord: 0.2ms)


Started GET "/tasks/2" for 127.0.0.1 at 2018-09-18 14:13:33 -0700
Processing by TasksController#show as HTML
  Parameters: {"id"=>"2"}
  [1m[36mTask Load (0.3ms)[0m  [1m[34mSELECT  "tasks".* FROM "tasks" WHERE "tasks"."id" = $1 LIMIT $2[0m  [["id", 2], ["LIMIT", 1]]
  ↳ app/controllers/tasks_controller.rb:14
  Rendering tasks/show.html.erb within layouts/application
  Rendered tasks/show.html.erb within layouts/application (0.5ms)
Completed 200 OK in 23ms (Views: 19.3ms | ActiveRecord: 0.3ms)


Started GET "/tasks/2" for 127.0.0.1 at 2018-09-18 14:22:51 -0700
Processing by TasksController#show as HTML
  Parameters: {"id"=>"2"}
  [1m[36mTask Load (1.0ms)[0m  [1m[34mSELECT  "tasks".* FROM "tasks" WHERE "tasks"."id" = $1 LIMIT $2[0m  [["id", 2], ["LIMIT", 1]]
  ↳ app/controllers/tasks_controller.rb:14
  Rendering tasks/show.html.erb within layouts/application
  Rendered tasks/show.html.erb within layouts/application (0.4ms)
Completed 200 OK in 25ms (Views: 20.7ms | ActiveRecord: 1.0ms)


Started GET "/tasks/3" for 127.0.0.1 at 2018-09-18 14:22:57 -0700
Processing by TasksController#show as HTML
  Parameters: {"id"=>"3"}
  [1m[36mTask Load (0.4ms)[0m  [1m[34mSELECT  "tasks".* FROM "tasks" WHERE "tasks"."id" = $1 LIMIT $2[0m  [["id", 3], ["LIMIT", 1]]
  ↳ app/controllers/tasks_controller.rb:14
  Rendering tasks/show.html.erb within layouts/application
  Rendered tasks/show.html.erb within layouts/application (0.5ms)
Completed 200 OK in 26ms (Views: 22.5ms | ActiveRecord: 0.4ms)


Started GET "/tasks/1" for 127.0.0.1 at 2018-09-18 14:23:01 -0700
Processing by TasksController#show as HTML
  Parameters: {"id"=>"1"}
  [1m[36mTask Load (0.4ms)[0m  [1m[34mSELECT  "tasks".* FROM "tasks" WHERE "tasks"."id" = $1 LIMIT $2[0m  [["id", 1], ["LIMIT", 1]]
  ↳ app/controllers/tasks_controller.rb:14
  Rendering tasks/show.html.erb within layouts/application
  Rendered tasks/show.html.erb within layouts/application (0.7ms)
Completed 200 OK in 30ms (Views: 26.4ms | ActiveRecord: 0.4ms)


Started GET "/tasks" for 127.0.0.1 at 2018-09-19 11:31:20 -0700
  [1m[35m (0.5ms)[0m  [1m[34mSELECT "schema_migrations"."version" FROM "schema_migrations" ORDER BY "schema_migrations"."version" ASC[0m
  ↳ /Users/hannahvanseeters/.rvm/gems/ruby-2.5.1/gems/activerecord-5.2.1/lib/active_record/log_subscriber.rb:98
Processing by TasksController#index as HTML
  Rendering tasks/index.html.erb within layouts/application
  [1m[36mTask Load (0.5ms)[0m  [1m[34mSELECT "tasks".* FROM "tasks" ORDER BY "tasks"."title" ASC[0m
  ↳ app/views/tasks/index.html.erb:3
  Rendered tasks/index.html.erb within layouts/application (10.1ms)
Completed 200 OK in 178ms (Views: 164.0ms | ActiveRecord: 3.6ms)


Started GET "/tasks/2" for 127.0.0.1 at 2018-09-19 11:31:24 -0700
Processing by TasksController#show as HTML
  Parameters: {"id"=>"2"}
  [1m[36mTask Load (0.4ms)[0m  [1m[34mSELECT  "tasks".* FROM "tasks" WHERE "tasks"."id" = $1 LIMIT $2[0m  [["id", 2], ["LIMIT", 1]]
  ↳ app/controllers/tasks_controller.rb:14
  Rendering tasks/show.html.erb within layouts/application
  Rendered tasks/show.html.erb within layouts/application (0.4ms)
Completed 200 OK in 24ms (Views: 17.8ms | ActiveRecord: 0.6ms)


Started GET "/tasks" for 127.0.0.1 at 2018-09-19 11:31:25 -0700
Processing by TasksController#index as HTML
  Rendering tasks/index.html.erb within layouts/application
  [1m[36mTask Load (0.6ms)[0m  [1m[34mSELECT "tasks".* FROM "tasks" ORDER BY "tasks"."title" ASC[0m
  ↳ app/views/tasks/index.html.erb:3
  Rendered tasks/index.html.erb within layouts/application (1.7ms)
Completed 200 OK in 22ms (Views: 18.7ms | ActiveRecord: 0.6ms)


Started GET "/tasks/new" for 127.0.0.1 at 2018-09-19 11:31:27 -0700
Processing by TasksController#new as HTML
  Rendering tasks/new.html.erb within layouts/application
  Rendered tasks/new.html.erb within layouts/application (0.4ms)
Completed 200 OK in 20ms (Views: 17.3ms | ActiveRecord: 0.0ms)


Started GET "/tasks" for 127.0.0.1 at 2018-09-19 11:31:51 -0700
Processing by TasksController#index as HTML
  Rendering tasks/index.html.erb within layouts/application
  [1m[36mTask Load (0.3ms)[0m  [1m[34mSELECT "tasks".* FROM "tasks" ORDER BY "tasks"."title" ASC[0m
  ↳ app/views/tasks/index.html.erb:3
  Rendered tasks/index.html.erb within layouts/application (1.3ms)
Completed 200 OK in 19ms (Views: 16.5ms | ActiveRecord: 0.3ms)


Started GET "/tasks/new" for 127.0.0.1 at 2018-09-19 11:31:53 -0700
Processing by TasksController#new as HTML
  Rendering tasks/new.html.erb within layouts/application
  Rendered tasks/new.html.erb within layouts/application (0.4ms)
Completed 200 OK in 21ms (Views: 18.5ms | ActiveRecord: 0.0ms)


Started GET "/tasks/new" for 127.0.0.1 at 2018-09-19 11:43:54 -0700
Processing by TasksController#new as HTML
  Rendering tasks/new.html.erb within layouts/application
  Rendered tasks/new.html.erb within layouts/application (0.3ms)
Completed 500 Internal Server Error in 29ms (ActiveRecord: 0.0ms)



ActionController::UrlGenerationError - No route matches {:action=>"edit", :controller=>"tasks"}, missing required keys: [:id]:
  app/views/layouts/application.html.erb:18:in `_app_views_layouts_application_html_erb___2672506224071320898_70193813969340'

Started POST "/__better_errors/187458af2bcab8ee/variables" for 127.0.0.1 at 2018-09-19 11:43:54 -0700
Started GET "/tasks/new" for 127.0.0.1 at 2018-09-19 11:45:37 -0700
Processing by TasksController#new as HTML
  Rendering tasks/new.html.erb within layouts/application
  Rendered tasks/new.html.erb within layouts/application (0.4ms)
Completed 500 Internal Server Error in 20ms (ActiveRecord: 0.0ms)



ActionController::UrlGenerationError - No route matches {:action=>"edit", :controller=>"tasks"}, missing required keys: [:id]:
  app/views/layouts/application.html.erb:18:in `_app_views_layouts_application_html_erb___2672506224071320898_70193823627860'

Started POST "/__better_errors/ebd4d68a8af824ed/variables" for 127.0.0.1 at 2018-09-19 11:45:37 -0700
Started GET "/tasks/new" for 127.0.0.1 at 2018-09-19 11:45:49 -0700
Processing by TasksController#new as HTML
  Rendering tasks/new.html.erb within layouts/application
  Rendered tasks/new.html.erb within layouts/application (0.4ms)
Completed 500 Internal Server Error in 12ms (ActiveRecord: 0.0ms)



SyntaxError - syntax error, unexpected '<'
      </nav>
      ^
/Users/hannahvanseeters/Documents/ada/rails/TaskList/app/views/layouts/application.html.erb:20: unknown regexp options - hadr
/Users/hannahvanseeters/Documents/ada/rails/TaskList/app/views/layouts/application.html.erb:21: syntax error, unexpected '<'
    <main>
    ^
/Users/hannahvanseeters/Documents/ada/rails/TaskList/app/views/layouts/application.html.erb:23: syntax error, unexpected '<', expecting ')'
    </main>
    ^
/Users/hannahvanseeters/Documents/ada/rails/TaskList/app/views/layouts/application.html.erb:25: unknown regexp option - p
/Users/hannahvanseeters/Documents/ada/rails/TaskList/app/views/layouts/application.html.erb:26: syntax error, unexpected '<'
    </footer>
    ^
/Users/hannahvanseeters/Documents/ada/rails/TaskList/app/views/layouts/application.html.erb:27: unknown regexp options - bdy
/Users/hannahvanseeters/Documents/ada/rails/TaskList/app/views/layouts/application.html.erb:28: syntax error, unexpected '<'
</html>
^
/Users/hannahvanseeters/Documents/ada/rails/TaskList/app/views/layouts/application.html.erb:33: unterminated regexp meets end of file
          end
             ^
/Users/hannahvanseeters/Documents/ada/rails/TaskList/app/views/layouts/application.html.erb:33: syntax error, unexpected end-of-input, expecting ')'
          end
             ^:
  app/views/layouts/application.html.erb:19:in `'

Started POST "/__better_errors/c6aaac62b49a0dd3/variables" for 127.0.0.1 at 2018-09-19 11:45:49 -0700
Started GET "/tasks/new" for 127.0.0.1 at 2018-09-19 11:46:11 -0700
Processing by TasksController#new as HTML
  Rendering tasks/new.html.erb within layouts/application
  Rendered tasks/new.html.erb within layouts/application (0.3ms)
Completed 200 OK in 17ms (Views: 15.4ms | ActiveRecord: 0.0ms)


Started GET "/tasks" for 127.0.0.1 at 2018-09-19 11:46:15 -0700
Processing by TasksController#index as HTML
  Rendering tasks/index.html.erb within layouts/application
  [1m[36mTask Load (0.4ms)[0m  [1m[34mSELECT "tasks".* FROM "tasks" ORDER BY "tasks"."title" ASC[0m
  ↳ app/views/tasks/index.html.erb:3
  Rendered tasks/index.html.erb within layouts/application (1.6ms)
Completed 200 OK in 26ms (Views: 23.6ms | ActiveRecord: 0.4ms)


